2025-11-06 14:35:09.646 INFO  o.s.b.d.e.DevToolsPropertyDefaultsPostProcessor - Devtools property defaults active! Set 'spring.devtools.add-properties' to 'false' to disable
2025-11-06 14:35:10.034 INFO  o.s.c.c.c.ConfigServicePropertySourceLocator - Fetching config from server at : http://localhost:8888
2025-11-06 14:35:10.136 INFO  o.s.c.c.c.ConfigServicePropertySourceLocator - Located environment: name=attendance-service, profiles=[default], label=null, version=null, state=null
2025-11-06 14:35:10.137 INFO  o.s.c.b.c.PropertySourceBootstrapConfiguration - Located property source: [BootstrapPropertySource {name='bootstrapProperties-configClient'}, BootstrapPropertySource {name='bootstrapProperties-classpath:/configs/attendance-service.yaml'}]
2025-11-06 14:35:10.147 INFO  c.c.a.AttendanceServiceApplication - No active profile set, falling back to 1 default profile: "default"
2025-11-06 14:35:11.214 INFO  o.s.d.r.c.RepositoryConfigurationDelegate - Bootstrapping Spring Data JPA repositories in DEFAULT mode.
2025-11-06 14:35:11.363 INFO  o.s.d.r.c.RepositoryConfigurationDelegate - Finished Spring Data repository scanning in 140 ms. Found 1 JPA repository interface.
2025-11-06 14:35:11.688 INFO  o.s.cloud.context.scope.GenericScope - BeanFactory id=2dbf01bd-5db5-3dc3-a418-bb8d2a41df9c
2025-11-06 14:35:12.577 INFO  o.s.b.w.e.tomcat.TomcatWebServer - Tomcat initialized with port 8088 (http)
2025-11-06 14:35:12.588 INFO  o.a.catalina.core.StandardService - Starting service [Tomcat]
2025-11-06 14:35:12.589 INFO  o.a.catalina.core.StandardEngine - Starting Servlet engine: [Apache Tomcat/10.1.48]
2025-11-06 14:35:12.645 INFO  o.a.c.c.C.[Tomcat].[localhost].[/] - Initializing Spring embedded WebApplicationContext
2025-11-06 14:35:12.645 INFO  o.s.b.w.s.c.ServletWebServerApplicationContext - Root WebApplicationContext: initialization completed in 2481 ms
2025-11-06 14:35:13.168 INFO  o.h.jpa.internal.util.LogHelper - HHH000204: Processing PersistenceUnitInfo [name: default]
2025-11-06 14:35:13.248 INFO  org.hibernate.Version - HHH000412: Hibernate ORM core version 6.6.33.Final
2025-11-06 14:35:13.291 INFO  o.h.c.i.RegionFactoryInitiator - HHH000026: Second-level cache disabled
2025-11-06 14:35:13.613 INFO  o.s.o.j.p.SpringPersistenceUnitInfo - No LoadTimeWeaver setup: ignoring JPA class transformer
2025-11-06 14:35:13.650 INFO  com.zaxxer.hikari.HikariDataSource - HikariPool-1 - Starting...
2025-11-06 14:35:13.967 INFO  com.zaxxer.hikari.pool.HikariPool - HikariPool-1 - Added connection com.mysql.cj.jdbc.ConnectionImpl@69f07e05
2025-11-06 14:35:13.969 INFO  com.zaxxer.hikari.HikariDataSource - HikariPool-1 - Start completed.
2025-11-06 14:35:14.043 WARN  org.hibernate.orm.deprecation - HHH90000025: MySQL8Dialect does not need to be specified explicitly using 'hibernate.dialect' (remove the property setting and it will be selected by default)
2025-11-06 14:35:14.044 WARN  org.hibernate.orm.deprecation - HHH90000026: MySQL8Dialect has been deprecated; use org.hibernate.dialect.MySQLDialect instead
2025-11-06 14:35:14.063 INFO  o.hibernate.orm.connections.pooling - HHH10001005: Database info:
	Database JDBC URL [Connecting through datasource 'HikariDataSource (HikariPool-1)']
	Database driver: undefined/unknown
	Database version: 8.0
	Autocommit mode: undefined/unknown
	Isolation level: undefined/unknown
	Minimum pool size: undefined/unknown
	Maximum pool size: undefined/unknown
2025-11-06 14:35:14.991 INFO  o.h.e.t.j.p.i.JtaPlatformInitiator - HHH000489: No JTA platform available (set 'hibernate.transaction.jta.platform' to enable JTA platform integration)
2025-11-06 14:35:15.049 INFO  o.s.o.j.LocalContainerEntityManagerFactoryBean - Initialized JPA EntityManagerFactory for persistence unit 'default'
2025-11-06 14:35:15.360 INFO  o.s.d.j.r.query.QueryEnhancerFactory - Hibernate is in classpath; If applicable, HQL parser will be used.
2025-11-06 14:35:16.109 WARN  o.s.b.a.o.j.JpaBaseConfiguration$JpaWebConfiguration - spring.jpa.open-in-view is enabled by default. Therefore, database queries may be performed during view rendering. Explicitly configure spring.jpa.open-in-view to disable this warning
2025-11-06 14:35:16.233 INFO  o.s.b.d.a.OptionalLiveReloadServer - LiveReload server is running on port 35729
2025-11-06 14:35:16.323 INFO  o.s.c.o.FeignClientFactoryBean - For 'employee-service' URL not provided. Will try picking an instance via load-balancing.
2025-11-06 14:35:17.383 INFO  o.s.b.a.e.web.EndpointLinksResolver - Exposing 28 endpoints beneath base path '/actuator'
2025-11-06 14:35:18.704 INFO  o.s.c.n.e.c.DiscoveryClientOptionalArgsConfiguration - Eureka HTTP Client uses RestTemplate.
2025-11-06 14:35:18.780 WARN  o.s.c.l.c.LoadBalancerCacheAutoConfiguration$LoadBalancerCaffeineWarnLogger - Spring Cloud LoadBalancer is currently working with the default cache. While this cache implementation is useful for development and tests, it's recommended to use Caffeine cache in production.You can switch to using Caffeine cache, by adding it and org.springframework.cache.caffeine.CaffeineCacheManager to the classpath.
2025-11-06 14:35:18.880 INFO  o.s.c.n.eureka.InstanceInfoFactory - Setting initial instance status as: STARTING
2025-11-06 14:35:18.906 INFO  c.netflix.discovery.DiscoveryClient - Initializing Eureka in region us-east-1
2025-11-06 14:35:18.910 INFO  c.n.d.s.r.aws.ConfigClusterResolver - Resolving eureka endpoints via configuration
2025-11-06 14:35:18.920 INFO  c.netflix.discovery.DiscoveryClient - Disable delta property : false
2025-11-06 14:35:18.921 INFO  c.netflix.discovery.DiscoveryClient - Single vip registry refresh property : null
2025-11-06 14:35:18.921 INFO  c.netflix.discovery.DiscoveryClient - Force full registry fetch : false
2025-11-06 14:35:18.921 INFO  c.netflix.discovery.DiscoveryClient - Application is null : false
2025-11-06 14:35:18.921 INFO  c.netflix.discovery.DiscoveryClient - Registered Applications size is zero : true
2025-11-06 14:35:18.921 INFO  c.netflix.discovery.DiscoveryClient - Application version is -1: true
2025-11-06 14:35:18.921 INFO  c.netflix.discovery.DiscoveryClient - Getting all instance registry info from the eureka server
2025-11-06 14:35:19.158 INFO  c.netflix.discovery.DiscoveryClient - The response status is 200
2025-11-06 14:35:19.161 INFO  c.netflix.discovery.DiscoveryClient - Starting heartbeat executor: renew interval is: 30
2025-11-06 14:35:19.163 INFO  c.n.discovery.InstanceInfoReplicator - InstanceInfoReplicator onDemand update allowed rate per min is 4
2025-11-06 14:35:19.164 INFO  c.netflix.discovery.DiscoveryClient - Discovery Client initialized at timestamp 1762419919164 with initial instances count: 1
2025-11-06 14:35:19.178 INFO  o.s.c.n.e.s.EurekaServiceRegistry - Registering application ATTENDANCE-SERVICE with eureka with status UP
2025-11-06 14:35:19.180 INFO  c.netflix.discovery.DiscoveryClient - Saw local status change event StatusChangeEvent [timestamp=1762419919180, current=UP, previous=STARTING]
2025-11-06 14:35:19.181 INFO  c.netflix.discovery.DiscoveryClient - DiscoveryClient_ATTENDANCE-SERVICE/10.112.35.158:8088: registering service...
2025-11-06 14:35:19.207 INFO  o.s.b.w.e.tomcat.TomcatWebServer - Tomcat started on port 8088 (http) with context path '/'
2025-11-06 14:35:19.208 INFO  o.s.c.n.e.s.EurekaAutoServiceRegistration - Updating port to 8088
2025-11-06 14:35:19.225 INFO  c.netflix.discovery.DiscoveryClient - DiscoveryClient_ATTENDANCE-SERVICE/10.112.35.158:8088 - registration status: 204
2025-11-06 14:35:19.231 INFO  c.c.a.AttendanceServiceApplication - Started AttendanceServiceApplication in 10.078 seconds (process running for 10.818)
2025-11-06 14:35:19.729 INFO  o.a.c.c.C.[Tomcat].[localhost].[/] - Initializing Spring DispatcherServlet 'dispatcherServlet'
2025-11-06 14:35:19.729 INFO  o.s.web.servlet.DispatcherServlet - Initializing Servlet 'dispatcherServlet'
2025-11-06 14:35:19.731 INFO  o.s.web.servlet.DispatcherServlet - Completed initialization in 2 ms
2025-11-06 14:37:40.496 INFO  c.c.a.c.AttendanceController - Invoked the GET: getAttendanceHistory controller method, employeeId:31d9bab4-5364-43b1-b86d-2c57a774781e
2025-11-06 14:37:40.496 INFO  c.c.a.s.impl.AttendanceServiceImpl - Invoked the getAttendanceHistory service method, employeeId:31d9bab4-5364-43b1-b86d-2c57a774781e
2025-11-06 14:37:46.956 INFO  c.c.a.c.AttendanceController - Invoked the POST: checkIn controller method, employeeId:31d9bab4-5364-43b1-b86d-2c57a774781e, checkInRequestDTO:CheckInRequestDTO[location=Coimbatore Office]
2025-11-06 14:37:46.957 INFO  c.c.a.s.impl.AttendanceServiceImpl - Invoked the checkIn service method, checkInRequestDTO:CheckInRequestDTO[location=Coimbatore Office]
2025-11-06 14:37:47.225 INFO  c.c.a.c.AttendanceController - Invoked the GET: getAttendanceHistory controller method, employeeId:31d9bab4-5364-43b1-b86d-2c57a774781e
2025-11-06 14:37:47.225 INFO  c.c.a.s.impl.AttendanceServiceImpl - Invoked the getAttendanceHistory service method, employeeId:31d9bab4-5364-43b1-b86d-2c57a774781e
2025-11-06 14:37:58.382 INFO  c.c.a.c.AttendanceController - Invoked the GET: getAttendanceHistory controller method, employeeId:31d9bab4-5364-43b1-b86d-2c57a774781e
2025-11-06 14:37:58.382 INFO  c.c.a.s.impl.AttendanceServiceImpl - Invoked the getAttendanceHistory service method, employeeId:31d9bab4-5364-43b1-b86d-2c57a774781e
2025-11-06 14:38:10.111 INFO  c.c.a.c.AttendanceController - Invoked the GET: getTeamAttendanceByDate controller method, managerId:e1fa28c1-4362-41ab-8ce3-8fe2e4a27c20
2025-11-06 14:38:10.111 INFO  c.c.a.s.impl.AttendanceServiceImpl - Invoked the getTeamsAttendanceByDate service method, managerId:e1fa28c1-4362-41ab-8ce3-8fe2e4a27c20, date:2025-11-06
2025-11-06 14:38:10.231 INFO  c.c.a.c.AttendanceController - Invoked the GET: getTeamAttendanceByDate controller method, managerId:e1fa28c1-4362-41ab-8ce3-8fe2e4a27c20
2025-11-06 14:38:10.231 INFO  c.c.a.s.impl.AttendanceServiceImpl - Invoked the getTeamsAttendanceByDate service method, managerId:e1fa28c1-4362-41ab-8ce3-8fe2e4a27c20, date:2025-11-06
2025-11-06 14:38:12.304 INFO  c.c.a.c.AttendanceController - Invoked the GET: getTeamAttendanceByDate controller method, managerId:e1fa28c1-4362-41ab-8ce3-8fe2e4a27c20
2025-11-06 14:38:12.310 INFO  c.c.a.s.impl.AttendanceServiceImpl - Invoked the getTeamsAttendanceByDate service method, managerId:e1fa28c1-4362-41ab-8ce3-8fe2e4a27c20, date:2025-11-06
