2025-11-06 14:35:48.170 INFO  o.s.b.d.e.DevToolsPropertyDefaultsPostProcessor - Devtools property defaults active! Set 'spring.devtools.add-properties' to 'false' to disable
2025-11-06 14:35:48.639 INFO  o.s.c.c.c.ConfigServicePropertySourceLocator - Fetching config from server at : http://localhost:8888
2025-11-06 14:35:48.771 INFO  o.s.c.c.c.ConfigServicePropertySourceLocator - Located environment: name=auth-service, profiles=[default], label=null, version=null, state=null
2025-11-06 14:35:48.772 INFO  o.s.c.b.c.PropertySourceBootstrapConfiguration - Located property source: [BootstrapPropertySource {name='bootstrapProperties-configClient'}, BootstrapPropertySource {name='bootstrapProperties-classpath:/configs/auth-service.yaml'}]
2025-11-06 14:35:48.784 INFO  c.c.a.AuthServiceApplication - No active profile set, falling back to 1 default profile: "default"
2025-11-06 14:35:49.870 INFO  o.s.d.r.c.RepositoryConfigurationDelegate - Bootstrapping Spring Data JPA repositories in DEFAULT mode.
2025-11-06 14:35:49.984 INFO  o.s.d.r.c.RepositoryConfigurationDelegate - Finished Spring Data repository scanning in 102 ms. Found 1 JPA repository interface.
2025-11-06 14:35:50.278 INFO  o.s.cloud.context.scope.GenericScope - BeanFactory id=bb43a70c-6ef8-3aaf-82dc-1441ee3d3afc
2025-11-06 14:35:51.058 INFO  o.s.b.w.e.tomcat.TomcatWebServer - Tomcat initialized with port 8084 (http)
2025-11-06 14:35:51.073 INFO  o.a.catalina.core.StandardService - Starting service [Tomcat]
2025-11-06 14:35:51.073 INFO  o.a.catalina.core.StandardEngine - Starting Servlet engine: [Apache Tomcat/10.1.48]
2025-11-06 14:35:51.146 INFO  o.a.c.c.C.[Tomcat].[localhost].[/] - Initializing Spring embedded WebApplicationContext
2025-11-06 14:35:51.147 INFO  o.s.b.w.s.c.ServletWebServerApplicationContext - Root WebApplicationContext: initialization completed in 2346 ms
2025-11-06 14:35:51.775 INFO  o.h.jpa.internal.util.LogHelper - HHH000204: Processing PersistenceUnitInfo [name: default]
2025-11-06 14:35:51.846 INFO  org.hibernate.Version - HHH000412: Hibernate ORM core version 6.6.33.Final
2025-11-06 14:35:51.885 INFO  o.h.c.i.RegionFactoryInitiator - HHH000026: Second-level cache disabled
2025-11-06 14:35:52.279 INFO  o.s.o.j.p.SpringPersistenceUnitInfo - No LoadTimeWeaver setup: ignoring JPA class transformer
2025-11-06 14:35:52.323 INFO  com.zaxxer.hikari.HikariDataSource - HikariPool-1 - Starting...
2025-11-06 14:35:52.672 INFO  com.zaxxer.hikari.pool.HikariPool - HikariPool-1 - Added connection com.mysql.cj.jdbc.ConnectionImpl@7808bc64
2025-11-06 14:35:52.674 INFO  com.zaxxer.hikari.HikariDataSource - HikariPool-1 - Start completed.
2025-11-06 14:35:52.731 WARN  org.hibernate.orm.deprecation - HHH90000025: MySQL8Dialect does not need to be specified explicitly using 'hibernate.dialect' (remove the property setting and it will be selected by default)
2025-11-06 14:35:52.733 WARN  org.hibernate.orm.deprecation - HHH90000026: MySQL8Dialect has been deprecated; use org.hibernate.dialect.MySQLDialect instead
2025-11-06 14:35:52.757 INFO  o.hibernate.orm.connections.pooling - HHH10001005: Database info:
	Database JDBC URL [Connecting through datasource 'HikariDataSource (HikariPool-1)']
	Database driver: undefined/unknown
	Database version: 8.0
	Autocommit mode: undefined/unknown
	Isolation level: undefined/unknown
	Minimum pool size: undefined/unknown
	Maximum pool size: undefined/unknown
2025-11-06 14:35:53.689 INFO  o.h.e.t.j.p.i.JtaPlatformInitiator - HHH000489: No JTA platform available (set 'hibernate.transaction.jta.platform' to enable JTA platform integration)
2025-11-06 14:35:53.745 INFO  o.s.o.j.LocalContainerEntityManagerFactoryBean - Initialized JPA EntityManagerFactory for persistence unit 'default'
2025-11-06 14:35:54.109 INFO  o.s.d.j.r.query.QueryEnhancerFactory - Hibernate is in classpath; If applicable, HQL parser will be used.
2025-11-06 14:35:54.801 WARN  o.s.b.a.o.j.JpaBaseConfiguration$JpaWebConfiguration - spring.jpa.open-in-view is enabled by default. Therefore, database queries may be performed during view rendering. Explicitly configure spring.jpa.open-in-view to disable this warning
2025-11-06 14:35:54.922 WARN  o.s.b.d.a.OptionalLiveReloadServer - Unable to start LiveReload server
2025-11-06 14:35:54.995 INFO  o.s.c.o.FeignClientFactoryBean - For 'employee-service' URL not provided. Will try picking an instance via load-balancing.
2025-11-06 14:35:55.172 INFO  o.s.s.c.a.a.c.InitializeAuthenticationProviderBeanManagerConfigurer$InitializeAuthenticationProviderManagerConfigurer - Global AuthenticationManager configured with AuthenticationProvider bean with name authenticationProvider
2025-11-06 14:35:55.173 WARN  o.s.s.c.a.a.c.InitializeUserDetailsBeanManagerConfigurer$InitializeUserDetailsManagerConfigurer - Global AuthenticationManager configured with an AuthenticationProvider bean. UserDetailsService beans will not be used by Spring Security for automatically configuring username/password login. Consider removing the AuthenticationProvider bean. Alternatively, consider using the UserDetailsService in a manually instantiated DaoAuthenticationProvider. If the current configuration is intentional, to turn off this warning, increase the logging level of 'org.springframework.security.config.annotation.authentication.configuration.InitializeUserDetailsBeanManagerConfigurer' to ERROR
2025-11-06 14:35:56.266 INFO  o.s.b.a.e.web.EndpointLinksResolver - Exposing 28 endpoints beneath base path '/actuator'
2025-11-06 14:35:58.333 INFO  o.s.c.n.e.c.DiscoveryClientOptionalArgsConfiguration - Eureka HTTP Client uses RestTemplate.
2025-11-06 14:35:58.631 WARN  o.s.c.l.c.LoadBalancerCacheAutoConfiguration$LoadBalancerCaffeineWarnLogger - Spring Cloud LoadBalancer is currently working with the default cache. While this cache implementation is useful for development and tests, it's recommended to use Caffeine cache in production.You can switch to using Caffeine cache, by adding it and org.springframework.cache.caffeine.CaffeineCacheManager to the classpath.
2025-11-06 14:35:58.838 INFO  o.s.c.n.eureka.InstanceInfoFactory - Setting initial instance status as: STARTING
2025-11-06 14:35:58.876 INFO  c.netflix.discovery.DiscoveryClient - Initializing Eureka in region us-east-1
2025-11-06 14:35:58.881 INFO  c.n.d.s.r.aws.ConfigClusterResolver - Resolving eureka endpoints via configuration
2025-11-06 14:35:58.893 INFO  c.netflix.discovery.DiscoveryClient - Disable delta property : false
2025-11-06 14:35:58.894 INFO  c.netflix.discovery.DiscoveryClient - Single vip registry refresh property : null
2025-11-06 14:35:58.894 INFO  c.netflix.discovery.DiscoveryClient - Force full registry fetch : false
2025-11-06 14:35:58.894 INFO  c.netflix.discovery.DiscoveryClient - Application is null : false
2025-11-06 14:35:58.894 INFO  c.netflix.discovery.DiscoveryClient - Registered Applications size is zero : true
2025-11-06 14:35:58.894 INFO  c.netflix.discovery.DiscoveryClient - Application version is -1: true
2025-11-06 14:35:58.894 INFO  c.netflix.discovery.DiscoveryClient - Getting all instance registry info from the eureka server
2025-11-06 14:35:59.239 INFO  c.netflix.discovery.DiscoveryClient - The response status is 200
2025-11-06 14:35:59.241 INFO  c.netflix.discovery.DiscoveryClient - Starting heartbeat executor: renew interval is: 30
2025-11-06 14:35:59.244 INFO  c.n.discovery.InstanceInfoReplicator - InstanceInfoReplicator onDemand update allowed rate per min is 4
2025-11-06 14:35:59.246 INFO  c.netflix.discovery.DiscoveryClient - Discovery Client initialized at timestamp 1762419959245 with initial instances count: 3
2025-11-06 14:35:59.263 INFO  o.s.c.n.e.s.EurekaServiceRegistry - Registering application AUTH-SERVICE with eureka with status UP
2025-11-06 14:35:59.266 INFO  c.netflix.discovery.DiscoveryClient - Saw local status change event StatusChangeEvent [timestamp=1762419959266, current=UP, previous=STARTING]
2025-11-06 14:35:59.269 INFO  c.netflix.discovery.DiscoveryClient - DiscoveryClient_AUTH-SERVICE/10.112.35.158:8084: registering service...
2025-11-06 14:35:59.344 INFO  o.s.b.w.e.tomcat.TomcatWebServer - Tomcat started on port 8084 (http) with context path '/'
2025-11-06 14:35:59.345 INFO  o.s.c.n.e.s.EurekaAutoServiceRegistration - Updating port to 8084
2025-11-06 14:35:59.379 INFO  c.netflix.discovery.DiscoveryClient - DiscoveryClient_AUTH-SERVICE/10.112.35.158:8084 - registration status: 204
2025-11-06 14:35:59.381 INFO  c.c.a.AuthServiceApplication - Started AuthServiceApplication in 11.777 seconds (process running for 12.849)
2025-11-06 14:35:59.946 INFO  o.a.c.c.C.[Tomcat].[localhost].[/] - Initializing Spring DispatcherServlet 'dispatcherServlet'
2025-11-06 14:35:59.947 INFO  o.s.web.servlet.DispatcherServlet - Initializing Servlet 'dispatcherServlet'
2025-11-06 14:35:59.953 INFO  o.s.web.servlet.DispatcherServlet - Completed initialization in 6 ms
2025-11-06 14:37:02.744 INFO  c.c.a.controller.LoginController - Invoked the POST: loginEmployee controller method, loginDTO:LoginDTO[email=sourasish@gmail.com, password=123@soura]
2025-11-06 14:37:02.745 INFO  c.c.a.service.LoginServiceImpl - Invoked the loginEmployee service method, loginDTO:LoginDTO[email=sourasish@gmail.com, password=123@soura]
