2025-11-06 14:36:04.892 INFO  o.s.b.d.e.DevToolsPropertyDefaultsPostProcessor - Devtools property defaults active! Set 'spring.devtools.add-properties' to 'false' to disable
2025-11-06 14:36:05.760 INFO  o.s.c.c.c.ConfigServicePropertySourceLocator - Fetching config from server at : http://localhost:8888
2025-11-06 14:36:06.012 INFO  o.s.c.c.c.ConfigServicePropertySourceLocator - Located environment: name=employee-service, profiles=[default], label=null, version=null, state=null
2025-11-06 14:36:06.015 INFO  o.s.c.b.c.PropertySourceBootstrapConfiguration - Located property source: [BootstrapPropertySource {name='bootstrapProperties-configClient'}, BootstrapPropertySource {name='bootstrapProperties-classpath:/configs/employee-service.yaml'}]
2025-11-06 14:36:06.042 INFO  c.c.e.EmployeeServiceApplication - No active profile set, falling back to 1 default profile: "default"
2025-11-06 14:36:08.523 INFO  o.s.d.r.c.RepositoryConfigurationDelegate - Bootstrapping Spring Data JPA repositories in DEFAULT mode.
2025-11-06 14:36:08.848 INFO  o.s.d.r.c.RepositoryConfigurationDelegate - Finished Spring Data repository scanning in 311 ms. Found 2 JPA repository interfaces.
2025-11-06 14:36:09.659 INFO  o.s.cloud.context.scope.GenericScope - BeanFactory id=fc9cd15e-fcc3-3a60-91ea-26932a53f00f
2025-11-06 14:36:11.400 INFO  o.s.b.w.e.tomcat.TomcatWebServer - Tomcat initialized with port 8085 (http)
2025-11-06 14:36:11.416 INFO  o.a.catalina.core.StandardService - Starting service [Tomcat]
2025-11-06 14:36:11.416 INFO  o.a.catalina.core.StandardEngine - Starting Servlet engine: [Apache Tomcat/10.1.48]
2025-11-06 14:36:11.505 INFO  o.a.c.c.C.[Tomcat].[localhost].[/] - Initializing Spring embedded WebApplicationContext
2025-11-06 14:36:11.506 INFO  o.s.b.w.s.c.ServletWebServerApplicationContext - Root WebApplicationContext: initialization completed in 5422 ms
2025-11-06 14:36:12.430 INFO  o.h.jpa.internal.util.LogHelper - HHH000204: Processing PersistenceUnitInfo [name: default]
2025-11-06 14:36:12.555 INFO  org.hibernate.Version - HHH000412: Hibernate ORM core version 6.6.33.Final
2025-11-06 14:36:12.639 INFO  o.h.c.i.RegionFactoryInitiator - HHH000026: Second-level cache disabled
2025-11-06 14:36:13.116 INFO  o.s.o.j.p.SpringPersistenceUnitInfo - No LoadTimeWeaver setup: ignoring JPA class transformer
2025-11-06 14:36:13.198 INFO  com.zaxxer.hikari.HikariDataSource - HikariPool-1 - Starting...
2025-11-06 14:36:13.702 INFO  com.zaxxer.hikari.pool.HikariPool - HikariPool-1 - Added connection com.mysql.cj.jdbc.ConnectionImpl@5e1b0c04
2025-11-06 14:36:13.705 INFO  com.zaxxer.hikari.HikariDataSource - HikariPool-1 - Start completed.
2025-11-06 14:36:13.838 WARN  org.hibernate.orm.deprecation - HHH90000025: MySQL8Dialect does not need to be specified explicitly using 'hibernate.dialect' (remove the property setting and it will be selected by default)
2025-11-06 14:36:13.841 WARN  org.hibernate.orm.deprecation - HHH90000026: MySQL8Dialect has been deprecated; use org.hibernate.dialect.MySQLDialect instead
2025-11-06 14:36:13.886 INFO  o.hibernate.orm.connections.pooling - HHH10001005: Database info:
	Database JDBC URL [Connecting through datasource 'HikariDataSource (HikariPool-1)']
	Database driver: undefined/unknown
	Database version: 8.0
	Autocommit mode: undefined/unknown
	Isolation level: undefined/unknown
	Minimum pool size: undefined/unknown
	Maximum pool size: undefined/unknown
2025-11-06 14:36:15.762 INFO  o.h.e.t.j.p.i.JtaPlatformInitiator - HHH000489: No JTA platform available (set 'hibernate.transaction.jta.platform' to enable JTA platform integration)
2025-11-06 14:36:15.928 INFO  o.s.o.j.LocalContainerEntityManagerFactoryBean - Initialized JPA EntityManagerFactory for persistence unit 'default'
2025-11-06 14:36:16.444 INFO  o.s.d.j.r.query.QueryEnhancerFactory - Hibernate is in classpath; If applicable, HQL parser will be used.
2025-11-06 14:36:18.253 WARN  o.s.b.a.o.j.JpaBaseConfiguration$JpaWebConfiguration - spring.jpa.open-in-view is enabled by default. Therefore, database queries may be performed during view rendering. Explicitly configure spring.jpa.open-in-view to disable this warning
2025-11-06 14:36:18.538 WARN  o.s.b.d.a.OptionalLiveReloadServer - Unable to start LiveReload server
2025-11-06 14:36:18.649 INFO  o.s.c.o.FeignClientFactoryBean - For 'shift-service' URL not provided. Will try picking an instance via load-balancing.
2025-11-06 14:36:20.796 INFO  o.s.b.a.e.web.EndpointLinksResolver - Exposing 28 endpoints beneath base path '/actuator'
2025-11-06 14:36:24.588 INFO  o.s.c.n.e.c.DiscoveryClientOptionalArgsConfiguration - Eureka HTTP Client uses RestTemplate.
2025-11-06 14:36:24.854 WARN  o.s.c.l.c.LoadBalancerCacheAutoConfiguration$LoadBalancerCaffeineWarnLogger - Spring Cloud LoadBalancer is currently working with the default cache. While this cache implementation is useful for development and tests, it's recommended to use Caffeine cache in production.You can switch to using Caffeine cache, by adding it and org.springframework.cache.caffeine.CaffeineCacheManager to the classpath.
2025-11-06 14:36:25.165 INFO  o.s.c.n.eureka.InstanceInfoFactory - Setting initial instance status as: STARTING
2025-11-06 14:36:25.240 INFO  c.netflix.discovery.DiscoveryClient - Initializing Eureka in region us-east-1
2025-11-06 14:36:25.250 INFO  c.n.d.s.r.aws.ConfigClusterResolver - Resolving eureka endpoints via configuration
2025-11-06 14:36:25.273 INFO  c.netflix.discovery.DiscoveryClient - Disable delta property : false
2025-11-06 14:36:25.274 INFO  c.netflix.discovery.DiscoveryClient - Single vip registry refresh property : null
2025-11-06 14:36:25.274 INFO  c.netflix.discovery.DiscoveryClient - Force full registry fetch : false
2025-11-06 14:36:25.274 INFO  c.netflix.discovery.DiscoveryClient - Application is null : false
2025-11-06 14:36:25.274 INFO  c.netflix.discovery.DiscoveryClient - Registered Applications size is zero : true
2025-11-06 14:36:25.274 INFO  c.netflix.discovery.DiscoveryClient - Application version is -1: true
2025-11-06 14:36:25.274 INFO  c.netflix.discovery.DiscoveryClient - Getting all instance registry info from the eureka server
2025-11-06 14:36:25.898 INFO  c.netflix.discovery.DiscoveryClient - The response status is 200
2025-11-06 14:36:25.901 INFO  c.netflix.discovery.DiscoveryClient - Starting heartbeat executor: renew interval is: 30
2025-11-06 14:36:25.904 INFO  c.n.discovery.InstanceInfoReplicator - InstanceInfoReplicator onDemand update allowed rate per min is 4
2025-11-06 14:36:25.905 INFO  c.netflix.discovery.DiscoveryClient - Discovery Client initialized at timestamp 1762419985905 with initial instances count: 4
2025-11-06 14:36:25.953 INFO  o.s.c.n.e.s.EurekaServiceRegistry - Registering application EMPLOYEE-SERVICE with eureka with status UP
2025-11-06 14:36:25.955 INFO  c.netflix.discovery.DiscoveryClient - Saw local status change event StatusChangeEvent [timestamp=1762419985955, current=UP, previous=STARTING]
2025-11-06 14:36:25.960 INFO  c.netflix.discovery.DiscoveryClient - DiscoveryClient_EMPLOYEE-SERVICE/10.112.35.158:8085: registering service...
2025-11-06 14:36:26.015 INFO  o.s.b.w.e.tomcat.TomcatWebServer - Tomcat started on port 8085 (http) with context path '/'
2025-11-06 14:36:26.018 INFO  o.s.c.n.e.s.EurekaAutoServiceRegistration - Updating port to 8085
2025-11-06 14:36:26.051 INFO  c.netflix.discovery.DiscoveryClient - DiscoveryClient_EMPLOYEE-SERVICE/10.112.35.158:8085 - registration status: 204
2025-11-06 14:36:26.058 INFO  c.c.e.EmployeeServiceApplication - Started EmployeeServiceApplication in 21.992 seconds (process running for 23.428)
2025-11-06 14:36:26.305 INFO  o.a.c.c.C.[Tomcat].[localhost].[/] - Initializing Spring DispatcherServlet 'dispatcherServlet'
2025-11-06 14:36:26.305 INFO  o.s.web.servlet.DispatcherServlet - Initializing Servlet 'dispatcherServlet'
2025-11-06 14:36:26.310 INFO  o.s.web.servlet.DispatcherServlet - Completed initialization in 5 ms
2025-11-06 14:37:04.071 INFO  c.c.e.controller.EmployeeController - Invoked GET: getEmployeeName controller method, employeeId:31d9bab4-5364-43b1-b86d-2c57a774781e
2025-11-06 14:37:04.072 INFO  c.c.e.s.impl.EmployeeServiceImpl - Invoked the getEmployeeName service method, employeeId:31d9bab4-5364-43b1-b86d-2c57a774781e
2025-11-06 14:37:39.627 INFO  c.c.e.controller.TeamController - Invoked the GET: getTeamMembersWithUpcomingShifts controller method, employeeId:31d9bab4-5364-43b1-b86d-2c57a774781e
2025-11-06 14:37:39.627 INFO  c.c.e.service.impl.TeamServiceImpl - Invoked the getTeamMembersWithUpcomingShifts service method, employeeId:31d9bab4-5364-43b1-b86d-2c57a774781e
2025-11-06 14:37:39.756 INFO  c.c.e.controller.EmployeeController - Invoked the GET: getEmployeeId controller method, employeeId:31d9bab4-5364-43b1-b86d-2c57a774781e
2025-11-06 14:37:39.756 INFO  c.c.e.s.impl.EmployeeServiceImpl - Invoked the getEmployeeById service method, employeeID:31d9bab4-5364-43b1-b86d-2c57a774781e
2025-11-06 14:37:39.798 INFO  c.c.e.controller.EmployeeController - Invoked the GET: getEmployeeId controller method, employeeId:148b9de7-df63-4e63-9329-7b3f11a62cbd
2025-11-06 14:37:39.798 INFO  c.c.e.s.impl.EmployeeServiceImpl - Invoked the getEmployeeById service method, employeeID:148b9de7-df63-4e63-9329-7b3f11a62cbd
2025-11-06 14:37:39.819 INFO  c.c.e.controller.EmployeeController - Invoked the GET: getEmployeeId controller method, employeeId:e1fa28c1-4362-41ab-8ce3-8fe2e4a27c20
2025-11-06 14:37:39.820 INFO  c.c.e.s.impl.EmployeeServiceImpl - Invoked the getEmployeeById service method, employeeID:e1fa28c1-4362-41ab-8ce3-8fe2e4a27c20
2025-11-06 14:37:47.037 INFO  c.c.e.controller.EmployeeController - Invoked the GET: getEmployeeId controller method, employeeId:31d9bab4-5364-43b1-b86d-2c57a774781e
2025-11-06 14:37:47.037 INFO  c.c.e.s.impl.EmployeeServiceImpl - Invoked the getEmployeeById service method, employeeID:31d9bab4-5364-43b1-b86d-2c57a774781e
2025-11-06 14:38:00.532 INFO  c.c.e.controller.EmployeeController - Invoked the GET: getEmployeeId controller method, employeeId:31d9bab4-5364-43b1-b86d-2c57a774781e
2025-11-06 14:38:00.532 INFO  c.c.e.s.impl.EmployeeServiceImpl - Invoked the getEmployeeById service method, employeeID:31d9bab4-5364-43b1-b86d-2c57a774781e
2025-11-06 14:38:10.103 INFO  c.c.e.controller.EmployeeController - Invoked GET: getEmployeeName controller method, employeeId:e1fa28c1-4362-41ab-8ce3-8fe2e4a27c20
2025-11-06 14:38:10.103 INFO  c.c.e.s.impl.EmployeeServiceImpl - Invoked the getEmployeeName service method, employeeId:e1fa28c1-4362-41ab-8ce3-8fe2e4a27c20
2025-11-06 14:38:10.123 INFO  c.c.e.controller.EmployeeController - Invoked the GET: getEmployeeId controller method, employeeId:e1fa28c1-4362-41ab-8ce3-8fe2e4a27c20
2025-11-06 14:38:10.123 INFO  c.c.e.s.impl.EmployeeServiceImpl - Invoked the getEmployeeById service method, employeeID:e1fa28c1-4362-41ab-8ce3-8fe2e4a27c20
2025-11-06 14:38:10.133 INFO  c.c.e.controller.TeamController - Invoked the GET: getTeamSize controller method, managerId:e1fa28c1-4362-41ab-8ce3-8fe2e4a27c20
2025-11-06 14:38:10.134 INFO  c.c.e.service.impl.TeamServiceImpl - Invoked the getTeamSize service method, managerId:e1fa28c1-4362-41ab-8ce3-8fe2e4a27c20
2025-11-06 14:38:10.140 INFO  c.c.e.controller.TeamController - Invoked the GET: getTeamMembers controller method, managerId:e1fa28c1-4362-41ab-8ce3-8fe2e4a27c20
2025-11-06 14:38:10.141 INFO  c.c.e.service.impl.TeamServiceImpl - Invoked the getTeamMembers service method, managerId:e1fa28c1-4362-41ab-8ce3-8fe2e4a27c20
2025-11-06 14:38:10.235 INFO  c.c.e.controller.EmployeeController - Invoked the GET: getEmployeeId controller method, employeeId:e1fa28c1-4362-41ab-8ce3-8fe2e4a27c20
2025-11-06 14:38:10.235 INFO  c.c.e.s.impl.EmployeeServiceImpl - Invoked the getEmployeeById service method, employeeID:e1fa28c1-4362-41ab-8ce3-8fe2e4a27c20
2025-11-06 14:38:10.251 INFO  c.c.e.controller.TeamController - Invoked the GET: getTeamMembers controller method, managerId:e1fa28c1-4362-41ab-8ce3-8fe2e4a27c20
2025-11-06 14:38:10.251 INFO  c.c.e.service.impl.TeamServiceImpl - Invoked the getTeamMembers service method, managerId:e1fa28c1-4362-41ab-8ce3-8fe2e4a27c20
2025-11-06 14:38:10.303 INFO  c.c.e.controller.TeamController - Invoked the GET: getTeamMembers controller method, managerId:e1fa28c1-4362-41ab-8ce3-8fe2e4a27c20
2025-11-06 14:38:10.303 INFO  c.c.e.controller.TeamController - Invoked the GET: getTeamMembers controller method, managerId:e1fa28c1-4362-41ab-8ce3-8fe2e4a27c20
2025-11-06 14:38:10.303 INFO  c.c.e.service.impl.TeamServiceImpl - Invoked the getTeamMembers service method, managerId:e1fa28c1-4362-41ab-8ce3-8fe2e4a27c20
2025-11-06 14:38:10.303 INFO  c.c.e.service.impl.TeamServiceImpl - Invoked the getTeamMembers service method, managerId:e1fa28c1-4362-41ab-8ce3-8fe2e4a27c20
2025-11-06 14:38:11.169 INFO  c.c.e.controller.TeamController - Invoked the GET: getTeamMembers controller method, managerId:e1fa28c1-4362-41ab-8ce3-8fe2e4a27c20
2025-11-06 14:38:11.169 INFO  c.c.e.service.impl.TeamServiceImpl - Invoked the getTeamMembers service method, managerId:e1fa28c1-4362-41ab-8ce3-8fe2e4a27c20
2025-11-06 14:38:11.171 INFO  c.c.e.controller.TeamController - Invoked the GET: getTeamEmployeesByManagerInCreateShiftForm controller method, managerId:e1fa28c1-4362-41ab-8ce3-8fe2e4a27c20
2025-11-06 14:38:11.171 INFO  c.c.e.service.impl.TeamServiceImpl - Invoked the getTeamEmployeesByManagerInCreateShiftForm service method, managerId:e1fa28c1-4362-41ab-8ce3-8fe2e4a27c20
2025-11-06 14:38:11.176 INFO  c.c.e.controller.TeamController - Invoked the GET: getTeamMembers controller method, managerId:e1fa28c1-4362-41ab-8ce3-8fe2e4a27c20
2025-11-06 14:38:11.176 INFO  c.c.e.service.impl.TeamServiceImpl - Invoked the getTeamMembers service method, managerId:e1fa28c1-4362-41ab-8ce3-8fe2e4a27c20
2025-11-06 14:38:12.310 INFO  c.c.e.controller.EmployeeController - Invoked the GET: getEmployeeId controller method, employeeId:e1fa28c1-4362-41ab-8ce3-8fe2e4a27c20
2025-11-06 14:38:12.310 INFO  c.c.e.s.impl.EmployeeServiceImpl - Invoked the getEmployeeById service method, employeeID:e1fa28c1-4362-41ab-8ce3-8fe2e4a27c20
2025-11-06 14:38:12.330 INFO  c.c.e.controller.TeamController - Invoked the GET: getTeamMembers controller method, managerId:e1fa28c1-4362-41ab-8ce3-8fe2e4a27c20
2025-11-06 14:38:12.330 INFO  c.c.e.service.impl.TeamServiceImpl - Invoked the getTeamMembers service method, managerId:e1fa28c1-4362-41ab-8ce3-8fe2e4a27c20
2025-11-06 14:38:13.909 INFO  c.c.e.controller.TeamController - Invoked the GET: getTeamEmployeesByManagerInCreateShiftForm controller method, managerId:e1fa28c1-4362-41ab-8ce3-8fe2e4a27c20
2025-11-06 14:38:13.910 INFO  c.c.e.service.impl.TeamServiceImpl - Invoked the getTeamEmployeesByManagerInCreateShiftForm service method, managerId:e1fa28c1-4362-41ab-8ce3-8fe2e4a27c20
2025-11-06 14:38:13.913 INFO  c.c.e.controller.TeamController - Invoked the GET: getTeamMembers controller method, managerId:e1fa28c1-4362-41ab-8ce3-8fe2e4a27c20
2025-11-06 14:38:13.913 INFO  c.c.e.controller.TeamController - Invoked the GET: getTeamMembers controller method, managerId:e1fa28c1-4362-41ab-8ce3-8fe2e4a27c20
2025-11-06 14:38:13.913 INFO  c.c.e.service.impl.TeamServiceImpl - Invoked the getTeamMembers service method, managerId:e1fa28c1-4362-41ab-8ce3-8fe2e4a27c20
2025-11-06 14:38:13.913 INFO  c.c.e.service.impl.TeamServiceImpl - Invoked the getTeamMembers service method, managerId:e1fa28c1-4362-41ab-8ce3-8fe2e4a27c20
2025-11-06 14:38:15.503 INFO  c.c.e.controller.TeamController - Invoked the GET: getTeamEmployeesByManagerInCreateShiftForm controller method, managerId:e1fa28c1-4362-41ab-8ce3-8fe2e4a27c20
2025-11-06 14:38:15.503 INFO  c.c.e.service.impl.TeamServiceImpl - Invoked the getTeamEmployeesByManagerInCreateShiftForm service method, managerId:e1fa28c1-4362-41ab-8ce3-8fe2e4a27c20
2025-11-06 14:38:15.503 INFO  c.c.e.controller.TeamController - Invoked the GET: getTeamSize controller method, managerId:e1fa28c1-4362-41ab-8ce3-8fe2e4a27c20
2025-11-06 14:38:15.505 INFO  c.c.e.service.impl.TeamServiceImpl - Invoked the getTeamSize service method, managerId:e1fa28c1-4362-41ab-8ce3-8fe2e4a27c20
2025-11-06 14:38:15.532 INFO  c.c.e.controller.TeamController - Invoked the GET: getTeamMembers controller method, managerId:e1fa28c1-4362-41ab-8ce3-8fe2e4a27c20
2025-11-06 14:38:15.532 INFO  c.c.e.controller.TeamController - Invoked the GET: getTeamMembers controller method, managerId:e1fa28c1-4362-41ab-8ce3-8fe2e4a27c20
2025-11-06 14:38:15.532 INFO  c.c.e.service.impl.TeamServiceImpl - Invoked the getTeamMembers service method, managerId:e1fa28c1-4362-41ab-8ce3-8fe2e4a27c20
2025-11-06 14:38:15.532 INFO  c.c.e.service.impl.TeamServiceImpl - Invoked the getTeamMembers service method, managerId:e1fa28c1-4362-41ab-8ce3-8fe2e4a27c20
2025-11-06 14:38:15.563 INFO  c.c.e.controller.EmployeeController - Invoked the GET: getEmployeeId controller method, employeeId:31d9bab4-5364-43b1-b86d-2c57a774781e
2025-11-06 14:38:15.563 INFO  c.c.e.s.impl.EmployeeServiceImpl - Invoked the getEmployeeById service method, employeeID:31d9bab4-5364-43b1-b86d-2c57a774781e
2025-11-06 14:38:15.572 INFO  c.c.e.controller.EmployeeController - Invoked the GET: getEmployeeId controller method, employeeId:148b9de7-df63-4e63-9329-7b3f11a62cbd
2025-11-06 14:38:15.572 INFO  c.c.e.s.impl.EmployeeServiceImpl - Invoked the getEmployeeById service method, employeeID:148b9de7-df63-4e63-9329-7b3f11a62cbd
2025-11-06 14:38:15.582 INFO  c.c.e.controller.EmployeeController - Invoked the GET: getEmployeeId controller method, employeeId:e1fa28c1-4362-41ab-8ce3-8fe2e4a27c20
2025-11-06 14:38:15.583 INFO  c.c.e.s.impl.EmployeeServiceImpl - Invoked the getEmployeeById service method, employeeID:e1fa28c1-4362-41ab-8ce3-8fe2e4a27c20
2025-11-06 14:38:18.062 INFO  c.c.e.controller.TeamController - Invoked the GET: getTeamMembers controller method, managerId:e1fa28c1-4362-41ab-8ce3-8fe2e4a27c20
2025-11-06 14:38:18.063 INFO  c.c.e.service.impl.TeamServiceImpl - Invoked the getTeamMembers service method, managerId:e1fa28c1-4362-41ab-8ce3-8fe2e4a27c20
2025-11-06 14:38:19.653 INFO  c.c.e.controller.TeamController - Invoked the GET: getTeamSize controller method, managerId:e1fa28c1-4362-41ab-8ce3-8fe2e4a27c20
2025-11-06 14:38:19.654 INFO  c.c.e.service.impl.TeamServiceImpl - Invoked the getTeamSize service method, managerId:e1fa28c1-4362-41ab-8ce3-8fe2e4a27c20
2025-11-06 14:38:19.659 INFO  c.c.e.controller.TeamController - Invoked the GET: getTeamEmployeesByManagerInCreateShiftForm controller method, managerId:e1fa28c1-4362-41ab-8ce3-8fe2e4a27c20
2025-11-06 14:38:19.660 INFO  c.c.e.service.impl.TeamServiceImpl - Invoked the getTeamEmployeesByManagerInCreateShiftForm service method, managerId:e1fa28c1-4362-41ab-8ce3-8fe2e4a27c20
2025-11-06 14:38:19.672 INFO  c.c.e.controller.TeamController - Invoked the GET: getTeamMembers controller method, managerId:e1fa28c1-4362-41ab-8ce3-8fe2e4a27c20
2025-11-06 14:38:19.672 INFO  c.c.e.controller.TeamController - Invoked the GET: getTeamMembers controller method, managerId:e1fa28c1-4362-41ab-8ce3-8fe2e4a27c20
2025-11-06 14:38:19.673 INFO  c.c.e.service.impl.TeamServiceImpl - Invoked the getTeamMembers service method, managerId:e1fa28c1-4362-41ab-8ce3-8fe2e4a27c20
2025-11-06 14:38:19.673 INFO  c.c.e.service.impl.TeamServiceImpl - Invoked the getTeamMembers service method, managerId:e1fa28c1-4362-41ab-8ce3-8fe2e4a27c20
2025-11-06 14:38:19.708 INFO  c.c.e.controller.EmployeeController - Invoked the GET: getEmployeeId controller method, employeeId:31d9bab4-5364-43b1-b86d-2c57a774781e
2025-11-06 14:38:19.708 INFO  c.c.e.s.impl.EmployeeServiceImpl - Invoked the getEmployeeById service method, employeeID:31d9bab4-5364-43b1-b86d-2c57a774781e
2025-11-06 14:38:19.714 INFO  c.c.e.controller.EmployeeController - Invoked the GET: getEmployeeId controller method, employeeId:148b9de7-df63-4e63-9329-7b3f11a62cbd
2025-11-06 14:38:19.715 INFO  c.c.e.s.impl.EmployeeServiceImpl - Invoked the getEmployeeById service method, employeeID:148b9de7-df63-4e63-9329-7b3f11a62cbd
2025-11-06 14:38:19.727 INFO  c.c.e.controller.EmployeeController - Invoked the GET: getEmployeeId controller method, employeeId:e1fa28c1-4362-41ab-8ce3-8fe2e4a27c20
2025-11-06 14:38:19.727 INFO  c.c.e.s.impl.EmployeeServiceImpl - Invoked the getEmployeeById service method, employeeID:e1fa28c1-4362-41ab-8ce3-8fe2e4a27c20
2025-11-06 14:38:23.982 INFO  c.c.e.controller.TeamController - Invoked the GET: getTeamMembers controller method, managerId:e1fa28c1-4362-41ab-8ce3-8fe2e4a27c20
2025-11-06 14:38:23.982 INFO  c.c.e.service.impl.TeamServiceImpl - Invoked the getTeamMembers service method, managerId:e1fa28c1-4362-41ab-8ce3-8fe2e4a27c20
2025-11-06 14:38:26.074 INFO  c.c.e.controller.TeamController - Invoked the GET: getTeamMembers controller method, managerId:e1fa28c1-4362-41ab-8ce3-8fe2e4a27c20
2025-11-06 14:38:26.074 INFO  c.c.e.service.impl.TeamServiceImpl - Invoked the getTeamMembers service method, managerId:e1fa28c1-4362-41ab-8ce3-8fe2e4a27c20
2025-11-06 14:38:28.383 INFO  c.c.e.controller.EmployeeController - Invoked the GET: getEmployeeId controller method, employeeId:e1fa28c1-4362-41ab-8ce3-8fe2e4a27c20
2025-11-06 14:38:28.384 INFO  c.c.e.s.impl.EmployeeServiceImpl - Invoked the getEmployeeById service method, employeeID:e1fa28c1-4362-41ab-8ce3-8fe2e4a27c20
2025-11-06 14:38:30.896 INFO  c.c.e.controller.TeamController - Invoked the GET: getTeamSize controller method, managerId:e1fa28c1-4362-41ab-8ce3-8fe2e4a27c20
2025-11-06 14:38:30.897 INFO  c.c.e.service.impl.TeamServiceImpl - Invoked the getTeamSize service method, managerId:e1fa28c1-4362-41ab-8ce3-8fe2e4a27c20
2025-11-06 14:38:30.906 INFO  c.c.e.controller.TeamController - Invoked the GET: getTeamEmployeesByManagerInCreateShiftForm controller method, managerId:e1fa28c1-4362-41ab-8ce3-8fe2e4a27c20
2025-11-06 14:38:30.906 INFO  c.c.e.service.impl.TeamServiceImpl - Invoked the getTeamEmployeesByManagerInCreateShiftForm service method, managerId:e1fa28c1-4362-41ab-8ce3-8fe2e4a27c20
2025-11-06 14:38:30.906 INFO  c.c.e.controller.TeamController - Invoked the GET: getTeamMembers controller method, managerId:e1fa28c1-4362-41ab-8ce3-8fe2e4a27c20
2025-11-06 14:38:30.906 INFO  c.c.e.service.impl.TeamServiceImpl - Invoked the getTeamMembers service method, managerId:e1fa28c1-4362-41ab-8ce3-8fe2e4a27c20
2025-11-06 14:38:30.906 INFO  c.c.e.controller.TeamController - Invoked the GET: getTeamMembers controller method, managerId:e1fa28c1-4362-41ab-8ce3-8fe2e4a27c20
2025-11-06 14:38:30.906 INFO  c.c.e.service.impl.TeamServiceImpl - Invoked the getTeamMembers service method, managerId:e1fa28c1-4362-41ab-8ce3-8fe2e4a27c20
2025-11-06 14:38:30.936 INFO  c.c.e.controller.EmployeeController - Invoked the GET: getEmployeeId controller method, employeeId:31d9bab4-5364-43b1-b86d-2c57a774781e
2025-11-06 14:38:30.936 INFO  c.c.e.s.impl.EmployeeServiceImpl - Invoked the getEmployeeById service method, employeeID:31d9bab4-5364-43b1-b86d-2c57a774781e
2025-11-06 14:38:30.945 INFO  c.c.e.controller.EmployeeController - Invoked the GET: getEmployeeId controller method, employeeId:148b9de7-df63-4e63-9329-7b3f11a62cbd
2025-11-06 14:38:30.946 INFO  c.c.e.s.impl.EmployeeServiceImpl - Invoked the getEmployeeById service method, employeeID:148b9de7-df63-4e63-9329-7b3f11a62cbd
2025-11-06 14:38:30.959 INFO  c.c.e.controller.EmployeeController - Invoked the GET: getEmployeeId controller method, employeeId:e1fa28c1-4362-41ab-8ce3-8fe2e4a27c20
2025-11-06 14:38:30.959 INFO  c.c.e.s.impl.EmployeeServiceImpl - Invoked the getEmployeeById service method, employeeID:e1fa28c1-4362-41ab-8ce3-8fe2e4a27c20
2025-11-06 14:38:31.644 INFO  c.c.e.controller.TeamController - Invoked the GET: getTeamEmployeesByManagerInCreateShiftForm controller method, managerId:e1fa28c1-4362-41ab-8ce3-8fe2e4a27c20
2025-11-06 14:38:31.644 INFO  c.c.e.service.impl.TeamServiceImpl - Invoked the getTeamEmployeesByManagerInCreateShiftForm service method, managerId:e1fa28c1-4362-41ab-8ce3-8fe2e4a27c20
2025-11-06 14:38:31.655 INFO  c.c.e.controller.TeamController - Invoked the GET: getTeamMembers controller method, managerId:e1fa28c1-4362-41ab-8ce3-8fe2e4a27c20
2025-11-06 14:38:31.655 INFO  c.c.e.controller.TeamController - Invoked the GET: getTeamMembers controller method, managerId:e1fa28c1-4362-41ab-8ce3-8fe2e4a27c20
2025-11-06 14:38:31.655 INFO  c.c.e.service.impl.TeamServiceImpl - Invoked the getTeamMembers service method, managerId:e1fa28c1-4362-41ab-8ce3-8fe2e4a27c20
2025-11-06 14:38:31.655 INFO  c.c.e.service.impl.TeamServiceImpl - Invoked the getTeamMembers service method, managerId:e1fa28c1-4362-41ab-8ce3-8fe2e4a27c20
2025-11-06 14:38:32.739 INFO  c.c.e.controller.EmployeeController - Invoked the GET: getEmployeeId controller method, employeeId:e1fa28c1-4362-41ab-8ce3-8fe2e4a27c20
2025-11-06 14:38:32.740 INFO  c.c.e.s.impl.EmployeeServiceImpl - Invoked the getEmployeeById service method, employeeID:e1fa28c1-4362-41ab-8ce3-8fe2e4a27c20
2025-11-06 14:38:32.752 INFO  c.c.e.controller.TeamController - Invoked the GET: getTeamMembers controller method, managerId:e1fa28c1-4362-41ab-8ce3-8fe2e4a27c20
2025-11-06 14:38:32.752 INFO  c.c.e.service.impl.TeamServiceImpl - Invoked the getTeamMembers service method, managerId:e1fa28c1-4362-41ab-8ce3-8fe2e4a27c20
2025-11-06 14:38:34.038 INFO  c.c.e.controller.TeamController - Invoked the GET: getTeamSize controller method, managerId:e1fa28c1-4362-41ab-8ce3-8fe2e4a27c20
2025-11-06 14:38:34.038 INFO  c.c.e.service.impl.TeamServiceImpl - Invoked the getTeamSize service method, managerId:e1fa28c1-4362-41ab-8ce3-8fe2e4a27c20
2025-11-06 14:38:34.038 INFO  c.c.e.controller.EmployeeController - Invoked GET: getEmployeeName controller method, employeeId:e1fa28c1-4362-41ab-8ce3-8fe2e4a27c20
2025-11-06 14:38:34.038 INFO  c.c.e.s.impl.EmployeeServiceImpl - Invoked the getEmployeeName service method, employeeId:e1fa28c1-4362-41ab-8ce3-8fe2e4a27c20
2025-11-06 14:38:34.044 INFO  c.c.e.controller.EmployeeController - Invoked the GET: getEmployeeId controller method, employeeId:e1fa28c1-4362-41ab-8ce3-8fe2e4a27c20
2025-11-06 14:38:34.044 INFO  c.c.e.s.impl.EmployeeServiceImpl - Invoked the getEmployeeById service method, employeeID:e1fa28c1-4362-41ab-8ce3-8fe2e4a27c20
2025-11-06 14:38:34.053 INFO  c.c.e.controller.TeamController - Invoked the GET: getTeamMembers controller method, managerId:e1fa28c1-4362-41ab-8ce3-8fe2e4a27c20
2025-11-06 14:38:34.054 INFO  c.c.e.service.impl.TeamServiceImpl - Invoked the getTeamMembers service method, managerId:e1fa28c1-4362-41ab-8ce3-8fe2e4a27c20
2025-11-06 14:38:34.055 INFO  c.c.e.controller.TeamController - Invoked the GET: getTeamMembers controller method, managerId:e1fa28c1-4362-41ab-8ce3-8fe2e4a27c20
2025-11-06 14:38:34.055 INFO  c.c.e.service.impl.TeamServiceImpl - Invoked the getTeamMembers service method, managerId:e1fa28c1-4362-41ab-8ce3-8fe2e4a27c20
2025-11-06 14:38:34.065 INFO  c.c.e.controller.TeamController - Invoked the GET: getTeamMembers controller method, managerId:e1fa28c1-4362-41ab-8ce3-8fe2e4a27c20
2025-11-06 14:38:34.065 INFO  c.c.e.service.impl.TeamServiceImpl - Invoked the getTeamMembers service method, managerId:e1fa28c1-4362-41ab-8ce3-8fe2e4a27c20
2025-11-06 14:38:34.116 INFO  c.c.e.controller.EmployeeController - Invoked the GET: getEmployeeId controller method, employeeId:e1fa28c1-4362-41ab-8ce3-8fe2e4a27c20
2025-11-06 14:38:34.116 INFO  c.c.e.s.impl.EmployeeServiceImpl - Invoked the getEmployeeById service method, employeeID:e1fa28c1-4362-41ab-8ce3-8fe2e4a27c20
2025-11-06 14:38:34.126 INFO  c.c.e.controller.TeamController - Invoked the GET: getTeamMembers controller method, managerId:e1fa28c1-4362-41ab-8ce3-8fe2e4a27c20
2025-11-06 14:38:34.127 INFO  c.c.e.service.impl.TeamServiceImpl - Invoked the getTeamMembers service method, managerId:e1fa28c1-4362-41ab-8ce3-8fe2e4a27c20
2025-11-06 14:38:34.796 INFO  c.c.e.controller.EmployeeController - Invoked the GET: getEmployeeId controller method, employeeId:e1fa28c1-4362-41ab-8ce3-8fe2e4a27c20
2025-11-06 14:38:34.796 INFO  c.c.e.s.impl.EmployeeServiceImpl - Invoked the getEmployeeById service method, employeeID:e1fa28c1-4362-41ab-8ce3-8fe2e4a27c20
2025-11-06 14:38:34.805 INFO  c.c.e.controller.TeamController - Invoked the GET: getTeamMembers controller method, managerId:e1fa28c1-4362-41ab-8ce3-8fe2e4a27c20
2025-11-06 14:38:34.805 INFO  c.c.e.service.impl.TeamServiceImpl - Invoked the getTeamMembers service method, managerId:e1fa28c1-4362-41ab-8ce3-8fe2e4a27c20
2025-11-06 14:38:37.532 INFO  c.c.e.controller.TeamController - Invoked the GET: getTeamSize controller method, managerId:e1fa28c1-4362-41ab-8ce3-8fe2e4a27c20
2025-11-06 14:38:37.532 INFO  c.c.e.service.impl.TeamServiceImpl - Invoked the getTeamSize service method, managerId:e1fa28c1-4362-41ab-8ce3-8fe2e4a27c20
2025-11-06 14:38:37.531 INFO  c.c.e.controller.EmployeeController - Invoked GET: getEmployeeName controller method, employeeId:e1fa28c1-4362-41ab-8ce3-8fe2e4a27c20
2025-11-06 14:38:37.533 INFO  c.c.e.s.impl.EmployeeServiceImpl - Invoked the getEmployeeName service method, employeeId:e1fa28c1-4362-41ab-8ce3-8fe2e4a27c20
2025-11-06 14:38:37.543 INFO  c.c.e.controller.EmployeeController - Invoked the GET: getEmployeeId controller method, employeeId:e1fa28c1-4362-41ab-8ce3-8fe2e4a27c20
2025-11-06 14:38:37.543 INFO  c.c.e.s.impl.EmployeeServiceImpl - Invoked the getEmployeeById service method, employeeID:e1fa28c1-4362-41ab-8ce3-8fe2e4a27c20
2025-11-06 14:38:37.547 INFO  c.c.e.controller.TeamController - Invoked the GET: getTeamMembers controller method, managerId:e1fa28c1-4362-41ab-8ce3-8fe2e4a27c20
2025-11-06 14:38:37.548 INFO  c.c.e.service.impl.TeamServiceImpl - Invoked the getTeamMembers service method, managerId:e1fa28c1-4362-41ab-8ce3-8fe2e4a27c20
2025-11-06 14:38:37.550 INFO  c.c.e.controller.TeamController - Invoked the GET: getTeamMembers controller method, managerId:e1fa28c1-4362-41ab-8ce3-8fe2e4a27c20
2025-11-06 14:38:37.551 INFO  c.c.e.service.impl.TeamServiceImpl - Invoked the getTeamMembers service method, managerId:e1fa28c1-4362-41ab-8ce3-8fe2e4a27c20
2025-11-06 14:38:37.559 INFO  c.c.e.controller.TeamController - Invoked the GET: getTeamMembers controller method, managerId:e1fa28c1-4362-41ab-8ce3-8fe2e4a27c20
2025-11-06 14:38:37.560 INFO  c.c.e.service.impl.TeamServiceImpl - Invoked the getTeamMembers service method, managerId:e1fa28c1-4362-41ab-8ce3-8fe2e4a27c20
2025-11-06 14:38:37.605 INFO  c.c.e.controller.EmployeeController - Invoked the GET: getEmployeeId controller method, employeeId:e1fa28c1-4362-41ab-8ce3-8fe2e4a27c20
2025-11-06 14:38:37.605 INFO  c.c.e.s.impl.EmployeeServiceImpl - Invoked the getEmployeeById service method, employeeID:e1fa28c1-4362-41ab-8ce3-8fe2e4a27c20
2025-11-06 14:38:37.613 INFO  c.c.e.controller.TeamController - Invoked the GET: getTeamMembers controller method, managerId:e1fa28c1-4362-41ab-8ce3-8fe2e4a27c20
2025-11-06 14:38:37.613 INFO  c.c.e.service.impl.TeamServiceImpl - Invoked the getTeamMembers service method, managerId:e1fa28c1-4362-41ab-8ce3-8fe2e4a27c20
2025-11-06 14:38:40.207 INFO  c.c.e.controller.EmployeeController - Invoked the GET: getEmployeeId controller method, employeeId:e1fa28c1-4362-41ab-8ce3-8fe2e4a27c20
2025-11-06 14:38:40.207 INFO  c.c.e.s.impl.EmployeeServiceImpl - Invoked the getEmployeeById service method, employeeID:e1fa28c1-4362-41ab-8ce3-8fe2e4a27c20
2025-11-06 14:38:48.532 INFO  c.c.e.controller.EmployeeController - Invoked GET: getEmployeeName controller method, employeeId:31d9bab4-5364-43b1-b86d-2c57a774781e
2025-11-06 14:38:48.532 INFO  c.c.e.s.impl.EmployeeServiceImpl - Invoked the getEmployeeName service method, employeeId:31d9bab4-5364-43b1-b86d-2c57a774781e
2025-11-06 14:38:52.327 INFO  c.c.e.controller.TeamController - Invoked the GET: getTeamMembersWithUpcomingShifts controller method, employeeId:31d9bab4-5364-43b1-b86d-2c57a774781e
2025-11-06 14:38:52.328 INFO  c.c.e.service.impl.TeamServiceImpl - Invoked the getTeamMembersWithUpcomingShifts service method, employeeId:31d9bab4-5364-43b1-b86d-2c57a774781e
2025-11-06 14:38:52.346 INFO  c.c.e.controller.EmployeeController - Invoked the GET: getEmployeeId controller method, employeeId:31d9bab4-5364-43b1-b86d-2c57a774781e
2025-11-06 14:38:52.347 INFO  c.c.e.s.impl.EmployeeServiceImpl - Invoked the getEmployeeById service method, employeeID:31d9bab4-5364-43b1-b86d-2c57a774781e
2025-11-06 14:38:52.362 INFO  c.c.e.controller.EmployeeController - Invoked the GET: getEmployeeId controller method, employeeId:148b9de7-df63-4e63-9329-7b3f11a62cbd
2025-11-06 14:38:52.362 INFO  c.c.e.s.impl.EmployeeServiceImpl - Invoked the getEmployeeById service method, employeeID:148b9de7-df63-4e63-9329-7b3f11a62cbd
2025-11-06 14:38:52.382 INFO  c.c.e.controller.EmployeeController - Invoked the GET: getEmployeeId controller method, employeeId:e1fa28c1-4362-41ab-8ce3-8fe2e4a27c20
2025-11-06 14:38:52.383 INFO  c.c.e.s.impl.EmployeeServiceImpl - Invoked the getEmployeeById service method, employeeID:e1fa28c1-4362-41ab-8ce3-8fe2e4a27c20
2025-11-06 14:38:59.155 INFO  c.c.e.controller.EmployeeController - Invoked the GET: getEmployeeId controller method, employeeId:31d9bab4-5364-43b1-b86d-2c57a774781e
2025-11-06 14:38:59.155 INFO  c.c.e.s.impl.EmployeeServiceImpl - Invoked the getEmployeeById service method, employeeID:31d9bab4-5364-43b1-b86d-2c57a774781e
2025-11-06 14:39:02.892 INFO  c.c.e.controller.TeamController - Invoked the GET: getTeamMembersWithUpcomingShifts controller method, employeeId:31d9bab4-5364-43b1-b86d-2c57a774781e
2025-11-06 14:39:02.892 INFO  c.c.e.service.impl.TeamServiceImpl - Invoked the getTeamMembersWithUpcomingShifts service method, employeeId:31d9bab4-5364-43b1-b86d-2c57a774781e
2025-11-06 14:39:02.906 INFO  c.c.e.controller.EmployeeController - Invoked the GET: getEmployeeId controller method, employeeId:31d9bab4-5364-43b1-b86d-2c57a774781e
2025-11-06 14:39:02.906 INFO  c.c.e.s.impl.EmployeeServiceImpl - Invoked the getEmployeeById service method, employeeID:31d9bab4-5364-43b1-b86d-2c57a774781e
2025-11-06 14:39:02.916 INFO  c.c.e.controller.EmployeeController - Invoked the GET: getEmployeeId controller method, employeeId:148b9de7-df63-4e63-9329-7b3f11a62cbd
2025-11-06 14:39:02.916 INFO  c.c.e.s.impl.EmployeeServiceImpl - Invoked the getEmployeeById service method, employeeID:148b9de7-df63-4e63-9329-7b3f11a62cbd
2025-11-06 14:39:02.931 INFO  c.c.e.controller.EmployeeController - Invoked the GET: getEmployeeId controller method, employeeId:e1fa28c1-4362-41ab-8ce3-8fe2e4a27c20
2025-11-06 14:39:02.931 INFO  c.c.e.s.impl.EmployeeServiceImpl - Invoked the getEmployeeById service method, employeeID:e1fa28c1-4362-41ab-8ce3-8fe2e4a27c20
