2025-11-06 14:36:09.100 INFO  o.s.b.d.e.DevToolsPropertyDefaultsPostProcessor - Devtools property defaults active! Set 'spring.devtools.add-properties' to 'false' to disable
2025-11-06 14:36:10.028 INFO  o.s.c.c.c.ConfigServicePropertySourceLocator - Fetching config from server at : http://localhost:8888
2025-11-06 14:36:10.302 INFO  o.s.c.c.c.ConfigServicePropertySourceLocator - Located environment: name=leave-service, profiles=[default], label=null, version=null, state=null
2025-11-06 14:36:10.305 INFO  o.s.c.b.c.PropertySourceBootstrapConfiguration - Located property source: [BootstrapPropertySource {name='bootstrapProperties-configClient'}, BootstrapPropertySource {name='bootstrapProperties-classpath:/configs/leave-service.yaml'}]
2025-11-06 14:36:10.335 INFO  c.c.l.LeaveServiceApplication - No active profile set, falling back to 1 default profile: "default"
2025-11-06 14:36:12.768 INFO  o.s.d.r.c.RepositoryConfigurationDelegate - Bootstrapping Spring Data JPA repositories in DEFAULT mode.
2025-11-06 14:36:13.033 INFO  o.s.d.r.c.RepositoryConfigurationDelegate - Finished Spring Data repository scanning in 246 ms. Found 2 JPA repository interfaces.
2025-11-06 14:36:13.871 INFO  o.s.cloud.context.scope.GenericScope - BeanFactory id=38e4c456-8ee5-3006-b696-7299f04e2b03
2025-11-06 14:36:15.531 INFO  o.s.b.w.e.tomcat.TomcatWebServer - Tomcat initialized with port 8087 (http)
2025-11-06 14:36:15.548 INFO  o.a.catalina.core.StandardService - Starting service [Tomcat]
2025-11-06 14:36:15.548 INFO  o.a.catalina.core.StandardEngine - Starting Servlet engine: [Apache Tomcat/10.1.48]
2025-11-06 14:36:15.659 INFO  o.a.c.c.C.[Tomcat].[localhost].[/] - Initializing Spring embedded WebApplicationContext
2025-11-06 14:36:15.660 INFO  o.s.b.w.s.c.ServletWebServerApplicationContext - Root WebApplicationContext: initialization completed in 5254 ms
2025-11-06 14:36:16.486 INFO  o.h.jpa.internal.util.LogHelper - HHH000204: Processing PersistenceUnitInfo [name: default]
2025-11-06 14:36:16.574 INFO  org.hibernate.Version - HHH000412: Hibernate ORM core version 6.6.33.Final
2025-11-06 14:36:16.635 INFO  o.h.c.i.RegionFactoryInitiator - HHH000026: Second-level cache disabled
2025-11-06 14:36:17.072 INFO  o.s.o.j.p.SpringPersistenceUnitInfo - No LoadTimeWeaver setup: ignoring JPA class transformer
2025-11-06 14:36:17.153 INFO  com.zaxxer.hikari.HikariDataSource - HikariPool-1 - Starting...
2025-11-06 14:36:17.593 INFO  com.zaxxer.hikari.pool.HikariPool - HikariPool-1 - Added connection com.mysql.cj.jdbc.ConnectionImpl@69956d89
2025-11-06 14:36:17.596 INFO  com.zaxxer.hikari.HikariDataSource - HikariPool-1 - Start completed.
2025-11-06 14:36:17.679 WARN  org.hibernate.orm.deprecation - HHH90000025: MySQL8Dialect does not need to be specified explicitly using 'hibernate.dialect' (remove the property setting and it will be selected by default)
2025-11-06 14:36:17.681 WARN  org.hibernate.orm.deprecation - HHH90000026: MySQL8Dialect has been deprecated; use org.hibernate.dialect.MySQLDialect instead
2025-11-06 14:36:17.718 INFO  o.hibernate.orm.connections.pooling - HHH10001005: Database info:
	Database JDBC URL [Connecting through datasource 'HikariDataSource (HikariPool-1)']
	Database driver: undefined/unknown
	Database version: 8.0
	Autocommit mode: undefined/unknown
	Isolation level: undefined/unknown
	Minimum pool size: undefined/unknown
	Maximum pool size: undefined/unknown
2025-11-06 14:36:19.296 INFO  o.h.e.t.j.p.i.JtaPlatformInitiator - HHH000489: No JTA platform available (set 'hibernate.transaction.jta.platform' to enable JTA platform integration)
2025-11-06 14:36:19.391 INFO  o.s.o.j.LocalContainerEntityManagerFactoryBean - Initialized JPA EntityManagerFactory for persistence unit 'default'
2025-11-06 14:36:20.083 INFO  o.s.d.j.r.query.QueryEnhancerFactory - Hibernate is in classpath; If applicable, HQL parser will be used.
2025-11-06 14:36:21.148 WARN  o.s.b.a.o.j.JpaBaseConfiguration$JpaWebConfiguration - spring.jpa.open-in-view is enabled by default. Therefore, database queries may be performed during view rendering. Explicitly configure spring.jpa.open-in-view to disable this warning
2025-11-06 14:36:21.418 WARN  o.s.b.d.a.OptionalLiveReloadServer - Unable to start LiveReload server
2025-11-06 14:36:21.546 INFO  o.s.c.o.FeignClientFactoryBean - For 'employee-service' URL not provided. Will try picking an instance via load-balancing.
2025-11-06 14:36:25.844 INFO  o.s.b.a.e.web.EndpointLinksResolver - Exposing 28 endpoints beneath base path '/actuator'
2025-11-06 14:36:28.906 INFO  o.s.c.n.e.c.DiscoveryClientOptionalArgsConfiguration - Eureka HTTP Client uses RestTemplate.
2025-11-06 14:36:29.181 WARN  o.s.c.l.c.LoadBalancerCacheAutoConfiguration$LoadBalancerCaffeineWarnLogger - Spring Cloud LoadBalancer is currently working with the default cache. While this cache implementation is useful for development and tests, it's recommended to use Caffeine cache in production.You can switch to using Caffeine cache, by adding it and org.springframework.cache.caffeine.CaffeineCacheManager to the classpath.
2025-11-06 14:36:29.411 INFO  o.s.c.n.eureka.InstanceInfoFactory - Setting initial instance status as: STARTING
2025-11-06 14:36:29.456 INFO  c.netflix.discovery.DiscoveryClient - Initializing Eureka in region us-east-1
2025-11-06 14:36:29.463 INFO  c.n.d.s.r.aws.ConfigClusterResolver - Resolving eureka endpoints via configuration
2025-11-06 14:36:29.477 INFO  c.netflix.discovery.DiscoveryClient - Disable delta property : false
2025-11-06 14:36:29.478 INFO  c.netflix.discovery.DiscoveryClient - Single vip registry refresh property : null
2025-11-06 14:36:29.478 INFO  c.netflix.discovery.DiscoveryClient - Force full registry fetch : false
2025-11-06 14:36:29.478 INFO  c.netflix.discovery.DiscoveryClient - Application is null : false
2025-11-06 14:36:29.478 INFO  c.netflix.discovery.DiscoveryClient - Registered Applications size is zero : true
2025-11-06 14:36:29.478 INFO  c.netflix.discovery.DiscoveryClient - Application version is -1: true
2025-11-06 14:36:29.478 INFO  c.netflix.discovery.DiscoveryClient - Getting all instance registry info from the eureka server
2025-11-06 14:36:29.971 INFO  c.netflix.discovery.DiscoveryClient - The response status is 200
2025-11-06 14:36:29.976 INFO  c.netflix.discovery.DiscoveryClient - Starting heartbeat executor: renew interval is: 30
2025-11-06 14:36:29.981 INFO  c.n.discovery.InstanceInfoReplicator - InstanceInfoReplicator onDemand update allowed rate per min is 4
2025-11-06 14:36:29.984 INFO  c.netflix.discovery.DiscoveryClient - Discovery Client initialized at timestamp 1762419989983 with initial instances count: 4
2025-11-06 14:36:30.006 INFO  o.s.c.n.e.s.EurekaServiceRegistry - Registering application LEAVE-SERVICE with eureka with status UP
2025-11-06 14:36:30.007 INFO  c.netflix.discovery.DiscoveryClient - Saw local status change event StatusChangeEvent [timestamp=1762419990007, current=UP, previous=STARTING]
2025-11-06 14:36:30.011 INFO  c.netflix.discovery.DiscoveryClient - DiscoveryClient_LEAVE-SERVICE/10.112.35.158:8087: registering service...
2025-11-06 14:36:30.039 INFO  o.s.b.w.e.tomcat.TomcatWebServer - Tomcat started on port 8087 (http) with context path '/'
2025-11-06 14:36:30.040 INFO  o.s.c.n.e.s.EurekaAutoServiceRegistration - Updating port to 8087
2025-11-06 14:36:30.079 INFO  c.c.l.LeaveServiceApplication - Started LeaveServiceApplication in 22.009 seconds (process running for 23.416)
2025-11-06 14:36:30.082 INFO  c.netflix.discovery.DiscoveryClient - DiscoveryClient_LEAVE-SERVICE/10.112.35.158:8087 - registration status: 204
2025-11-06 14:36:30.293 INFO  o.a.c.c.C.[Tomcat].[localhost].[/] - Initializing Spring DispatcherServlet 'dispatcherServlet'
2025-11-06 14:36:30.294 INFO  o.s.web.servlet.DispatcherServlet - Initializing Servlet 'dispatcherServlet'
2025-11-06 14:36:30.298 INFO  o.s.web.servlet.DispatcherServlet - Completed initialization in 4 ms
2025-11-06 14:37:04.025 INFO  c.c.l.c.LeaveBalanceController - Invoked the GET: getLeaveBalanceByEmployeeId controller method, employeeId:31d9bab4-5364-43b1-b86d-2c57a774781e
2025-11-06 14:37:04.026 INFO  c.c.l.s.impl.LeaveBalanceServiceImpl - Invoked the getLeaveBalancesByEmployeeId service method, employeeId:31d9bab4-5364-43b1-b86d-2c57a774781e
2025-11-06 14:37:04.071 INFO  c.c.l.controller.LeaveController - Invoked the GET: getLeaveRequestEmployeeDashboard controller method, employeeId:31d9bab4-5364-43b1-b86d-2c57a774781e
2025-11-06 14:37:04.072 INFO  c.c.l.s.impl.LeaveRequestServiceImpl - Invoked the getLeaveRequestEmployeeDashboard service method, employeeId:31d9bab4-5364-43b1-b86d-2c57a774781e
2025-11-06 14:37:05.543 INFO  c.c.l.c.LeaveBalanceController - Invoked the GET: getLeaveBalanceByEmployeeId controller method, employeeId:31d9bab4-5364-43b1-b86d-2c57a774781e
2025-11-06 14:37:05.544 INFO  c.c.l.s.impl.LeaveBalanceServiceImpl - Invoked the getLeaveBalancesByEmployeeId service method, employeeId:31d9bab4-5364-43b1-b86d-2c57a774781e
2025-11-06 14:37:05.556 INFO  c.c.l.controller.LeaveController - Invoked the GET: getLeaveRequestByEmployee controller method, employeeId:31d9bab4-5364-43b1-b86d-2c57a774781e
2025-11-06 14:37:05.556 INFO  c.c.l.s.impl.LeaveRequestServiceImpl - Invoked the getEmployeeLeaveRequests service method, employeeId:31d9bab4-5364-43b1-b86d-2c57a774781e
