2025-11-06 14:36:14.881 INFO  o.s.b.d.e.DevToolsPropertyDefaultsPostProcessor - Devtools property defaults active! Set 'spring.devtools.add-properties' to 'false' to disable
2025-11-06 14:36:15.641 INFO  o.s.c.c.c.ConfigServicePropertySourceLocator - Fetching config from server at : http://localhost:8888
2025-11-06 14:36:15.829 INFO  o.s.c.c.c.ConfigServicePropertySourceLocator - Located environment: name=report-service, profiles=[default], label=null, version=null, state=null
2025-11-06 14:36:15.831 INFO  o.s.c.b.c.PropertySourceBootstrapConfiguration - Located property source: [BootstrapPropertySource {name='bootstrapProperties-configClient'}, BootstrapPropertySource {name='bootstrapProperties-classpath:/configs/report-service.yaml'}]
2025-11-06 14:36:15.846 INFO  c.c.r.ReportServiceApplication - No active profile set, falling back to 1 default profile: "default"
2025-11-06 14:36:17.949 INFO  o.s.d.r.c.RepositoryConfigurationDelegate - Bootstrapping Spring Data JPA repositories in DEFAULT mode.
2025-11-06 14:36:18.193 INFO  o.s.d.r.c.RepositoryConfigurationDelegate - Finished Spring Data repository scanning in 216 ms. Found 1 JPA repository interface.
2025-11-06 14:36:18.895 INFO  o.s.cloud.context.scope.GenericScope - BeanFactory id=c936812d-f898-3c79-9ecb-5b59faf59e1c
2025-11-06 14:36:20.337 INFO  o.s.b.w.e.tomcat.TomcatWebServer - Tomcat initialized with port 8089 (http)
2025-11-06 14:36:20.362 INFO  o.a.catalina.core.StandardService - Starting service [Tomcat]
2025-11-06 14:36:20.363 INFO  o.a.catalina.core.StandardEngine - Starting Servlet engine: [Apache Tomcat/10.1.48]
2025-11-06 14:36:20.472 INFO  o.a.c.c.C.[Tomcat].[localhost].[/] - Initializing Spring embedded WebApplicationContext
2025-11-06 14:36:20.473 INFO  o.s.b.w.s.c.ServletWebServerApplicationContext - Root WebApplicationContext: initialization completed in 4601 ms
2025-11-06 14:36:21.379 INFO  o.h.jpa.internal.util.LogHelper - HHH000204: Processing PersistenceUnitInfo [name: default]
2025-11-06 14:36:21.463 INFO  org.hibernate.Version - HHH000412: Hibernate ORM core version 6.6.33.Final
2025-11-06 14:36:21.526 INFO  o.h.c.i.RegionFactoryInitiator - HHH000026: Second-level cache disabled
2025-11-06 14:36:22.242 INFO  o.s.o.j.p.SpringPersistenceUnitInfo - No LoadTimeWeaver setup: ignoring JPA class transformer
2025-11-06 14:36:22.329 INFO  com.zaxxer.hikari.HikariDataSource - HikariPool-1 - Starting...
2025-11-06 14:36:23.067 INFO  com.zaxxer.hikari.pool.HikariPool - HikariPool-1 - Added connection com.mysql.cj.jdbc.ConnectionImpl@36e8d78b
2025-11-06 14:36:23.071 INFO  com.zaxxer.hikari.HikariDataSource - HikariPool-1 - Start completed.
2025-11-06 14:36:23.182 WARN  org.hibernate.orm.deprecation - HHH90000025: MySQL8Dialect does not need to be specified explicitly using 'hibernate.dialect' (remove the property setting and it will be selected by default)
2025-11-06 14:36:23.187 WARN  org.hibernate.orm.deprecation - HHH90000026: MySQL8Dialect has been deprecated; use org.hibernate.dialect.MySQLDialect instead
2025-11-06 14:36:23.241 INFO  o.hibernate.orm.connections.pooling - HHH10001005: Database info:
	Database JDBC URL [Connecting through datasource 'HikariDataSource (HikariPool-1)']
	Database driver: undefined/unknown
	Database version: 8.0
	Autocommit mode: undefined/unknown
	Isolation level: undefined/unknown
	Minimum pool size: undefined/unknown
	Maximum pool size: undefined/unknown
2025-11-06 14:36:25.489 INFO  o.h.e.t.j.p.i.JtaPlatformInitiator - HHH000489: No JTA platform available (set 'hibernate.transaction.jta.platform' to enable JTA platform integration)
2025-11-06 14:36:25.630 INFO  o.s.o.j.LocalContainerEntityManagerFactoryBean - Initialized JPA EntityManagerFactory for persistence unit 'default'
2025-11-06 14:36:26.890 WARN  o.s.b.a.o.j.JpaBaseConfiguration$JpaWebConfiguration - spring.jpa.open-in-view is enabled by default. Therefore, database queries may be performed during view rendering. Explicitly configure spring.jpa.open-in-view to disable this warning
2025-11-06 14:36:27.091 WARN  o.s.b.d.a.OptionalLiveReloadServer - Unable to start LiveReload server
2025-11-06 14:36:27.255 INFO  o.s.c.o.FeignClientFactoryBean - For 'employee-service' URL not provided. Will try picking an instance via load-balancing.
2025-11-06 14:36:27.425 INFO  o.s.c.o.FeignClientFactoryBean - For 'attendance-service' URL not provided. Will try picking an instance via load-balancing.
2025-11-06 14:36:29.853 INFO  o.s.b.a.e.web.EndpointLinksResolver - Exposing 28 endpoints beneath base path '/actuator'
2025-11-06 14:36:32.623 INFO  o.s.c.n.e.c.DiscoveryClientOptionalArgsConfiguration - Eureka HTTP Client uses RestTemplate.
2025-11-06 14:36:32.766 WARN  o.s.c.l.c.LoadBalancerCacheAutoConfiguration$LoadBalancerCaffeineWarnLogger - Spring Cloud LoadBalancer is currently working with the default cache. While this cache implementation is useful for development and tests, it's recommended to use Caffeine cache in production.You can switch to using Caffeine cache, by adding it and org.springframework.cache.caffeine.CaffeineCacheManager to the classpath.
2025-11-06 14:36:32.919 INFO  o.s.c.n.eureka.InstanceInfoFactory - Setting initial instance status as: STARTING
2025-11-06 14:36:32.951 INFO  c.netflix.discovery.DiscoveryClient - Initializing Eureka in region us-east-1
2025-11-06 14:36:32.955 INFO  c.n.d.s.r.aws.ConfigClusterResolver - Resolving eureka endpoints via configuration
2025-11-06 14:36:32.967 INFO  c.netflix.discovery.DiscoveryClient - Disable delta property : false
2025-11-06 14:36:32.967 INFO  c.netflix.discovery.DiscoveryClient - Single vip registry refresh property : null
2025-11-06 14:36:32.967 INFO  c.netflix.discovery.DiscoveryClient - Force full registry fetch : false
2025-11-06 14:36:32.967 INFO  c.netflix.discovery.DiscoveryClient - Application is null : false
2025-11-06 14:36:32.967 INFO  c.netflix.discovery.DiscoveryClient - Registered Applications size is zero : true
2025-11-06 14:36:32.967 INFO  c.netflix.discovery.DiscoveryClient - Application version is -1: true
2025-11-06 14:36:32.967 INFO  c.netflix.discovery.DiscoveryClient - Getting all instance registry info from the eureka server
2025-11-06 14:36:33.306 INFO  c.netflix.discovery.DiscoveryClient - The response status is 200
2025-11-06 14:36:33.310 INFO  c.netflix.discovery.DiscoveryClient - Starting heartbeat executor: renew interval is: 30
2025-11-06 14:36:33.313 INFO  c.n.discovery.InstanceInfoReplicator - InstanceInfoReplicator onDemand update allowed rate per min is 4
2025-11-06 14:36:33.315 INFO  c.netflix.discovery.DiscoveryClient - Discovery Client initialized at timestamp 1762419993314 with initial instances count: 5
2025-11-06 14:36:33.332 INFO  o.s.c.n.e.s.EurekaServiceRegistry - Registering application REPORT-SERVICE with eureka with status UP
2025-11-06 14:36:33.332 INFO  c.netflix.discovery.DiscoveryClient - Saw local status change event StatusChangeEvent [timestamp=1762419993332, current=UP, previous=STARTING]
2025-11-06 14:36:33.347 INFO  c.netflix.discovery.DiscoveryClient - DiscoveryClient_REPORT-SERVICE/10.112.35.158:8089: registering service...
2025-11-06 14:36:33.372 INFO  o.s.b.w.e.tomcat.TomcatWebServer - Tomcat started on port 8089 (http) with context path '/'
2025-11-06 14:36:33.373 INFO  o.s.c.n.e.s.EurekaAutoServiceRegistration - Updating port to 8089
2025-11-06 14:36:33.403 INFO  c.netflix.discovery.DiscoveryClient - DiscoveryClient_REPORT-SERVICE/10.112.35.158:8089 - registration status: 204
2025-11-06 14:36:33.414 INFO  c.c.r.ReportServiceApplication - Started ReportServiceApplication in 19.736 seconds (process running for 21.249)
2025-11-06 14:36:33.767 INFO  o.a.c.c.C.[Tomcat].[localhost].[/] - Initializing Spring DispatcherServlet 'dispatcherServlet'
2025-11-06 14:36:33.768 INFO  o.s.web.servlet.DispatcherServlet - Initializing Servlet 'dispatcherServlet'
2025-11-06 14:36:33.770 INFO  o.s.web.servlet.DispatcherServlet - Completed initialization in 2 ms
